<?xml version="1.0" encoding="UTF-8"?>
<!-- Generated by org.testng.reporters.JUnitReportReporter -->
<testsuite skipped="0" hostname="thuynguyen-PC" name="TestNG.TestNGClass" tests="2" failures="0" timestamp="27 May 2019 14:24:28 GMT" time="0.199" errors="0">
  <testcase name="CreateBooking" time="0.007" classname="TestNG.TestNGClass"/>
  <testcase name="SearchTour" time="0.192" classname="TestNG.TestNGClass"/>
</testsuite> <!-- TestNG.TestNGClass -->
